[0725/075734.525:ERROR:process_memory_win.cc(73)] ReadMemory at 0x258ab8efdf0 of 72 bytes failed: Only part of a ReadProcessMemory or WriteProcessMemory request was completed. (0x12B)
[0725/075734.590:WARNING:pe_image_annotations_reader.cc(134)] could not read annotations list object in C:\Program Files (x86)\Google\Chrome\Application\84.0.4147.89\chrome_elf.dll
[0725/075734.590:ERROR:process_memory_win.cc(73)] ReadMemory at 0x7ffdcf890000 of 64 bytes failed: Only part of a ReadProcessMemory or WriteProcessMemory request was completed. (0x12B)
[0725/075734.591:WARNING:pe_image_reader.cc(340)] could not read dos header from C:\WINDOWS\SYSTEM32\VERSION.dll
[0725/075734.591:ERROR:process_memory_win.cc(73)] ReadMemory at 0x7ffdcf890000 of 64 bytes failed: Only part of a ReadProcessMemory or WriteProcessMemory request was completed. (0x12B)
[0725/075734.591:WARNING:pe_image_reader.cc(340)] could not read dos header from C:\WINDOWS\SYSTEM32\VERSION.dll
[0725/075734.591:ERROR:process_memory_win.cc(73)] ReadMemory at 0x7ffddad40000 of 64 bytes failed: Only part of a ReadProcessMemory or WriteProcessMemory request was completed. (0x12B)
[0725/075734.591:WARNING:pe_image_reader.cc(340)] could not read dos header from C:\WINDOWS\System32\msvcrt.dll
[0725/075734.591:ERROR:process_memory_win.cc(73)] ReadMemory at 0x7ffddad40000 of 64 bytes failed: Only part of a ReadProcessMemory or WriteProcessMemory request was completed. (0x12B)
[0725/075734.591:WARNING:pe_image_reader.cc(340)] could not read dos header from C:\WINDOWS\System32\msvcrt.dll
[0725/075734.592:ERROR:process_memory_win.cc(73)] ReadMemory at 0x7ffdd80f0000 of 64 bytes failed: Only part of a ReadProcessMemory or WriteProcessMemory request was completed. (0x12B)
[0725/075734.592:WARNING:pe_image_reader.cc(340)] could not read dos header from C:\WINDOWS\System32\bcryptPrimitives.dll
[0725/075734.592:ERROR:process_memory_win.cc(73)] ReadMemory at 0x7ffdd80f0000 of 64 bytes failed: Only part of a ReadProcessMemory or WriteProcessMemory request was completed. (0x12B)
[0725/075734.592:WARNING:pe_image_reader.cc(340)] could not read dos header from C:\WINDOWS\System32\bcryptPrimitives.dll
[0725/075734.592:ERROR:process_memory_win.cc(73)] ReadMemory at 0x7ffdda0a0000 of 64 bytes failed: Only part of a ReadProcessMemory or WriteProcessMemory request was completed. (0x12B)
[0725/075734.592:WARNING:pe_image_reader.cc(340)] could not read dos header from C:\WINDOWS\System32\ADVAPI32.dll
[0725/075734.592:ERROR:process_memory_win.cc(73)] ReadMemory at 0x7ffdda0a0000 of 64 bytes failed: Only part of a ReadProcessMemory or WriteProcessMemory request was completed. (0x12B)
[0725/075734.592:WARNING:pe_image_reader.cc(340)] could not read dos header from C:\WINDOWS\System32\ADVAPI32.dll
[0725/075734.592:ERROR:process_memory_win.cc(73)] ReadMemory at 0x7ffdda000000 of 64 bytes failed: Only part of a ReadProcessMemory or WriteProcessMemory request was completed. (0x12B)
[0725/075734.592:WARNING:pe_image_reader.cc(340)] could not read dos header from C:\WINDOWS\System32\sechost.dll
[0725/075734.592:ERROR:process_memory_win.cc(73)] ReadMemory at 0x7ffdda000000 of 64 bytes failed: Only part of a ReadProcessMemory or WriteProcessMemory request was completed. (0x12B)
[0725/075734.592:WARNING:pe_image_reader.cc(340)] could not read dos header from C:\WINDOWS\System32\sechost.dll
[0725/075734.592:ERROR:process_memory_win.cc(73)] ReadMemory at 0x7ffddade0000 of 64 bytes failed: Only part of a ReadProcessMemory or WriteProcessMemory request was completed. (0x12B)
[0725/075734.592:WARNING:pe_image_reader.cc(340)] could not read dos header from C:\WINDOWS\System32\RPCRT4.dll
[0725/075734.592:ERROR:process_memory_win.cc(73)] ReadMemory at 0x7ffddade0000 of 64 bytes failed: Only part of a ReadProcessMemory or WriteProcessMemory request was completed. (0x12B)
[0725/075734.592:WARNING:pe_image_reader.cc(340)] could not read dos header from C:\WINDOWS\System32\RPCRT4.dll
[0725/075734.592:ERROR:process_memory_win.cc(73)] ReadMemory at 0x7ffd7fed0000 of 64 bytes failed: Only part of a ReadProcessMemory or WriteProcessMemory request was completed. (0x12B)
[0725/075734.593:WARNING:pe_image_reader.cc(340)] could not read dos header from C:\Program Files (x86)\Google\Chrome\Application\84.0.4147.89\chrome.dll
[0725/075734.593:ERROR:process_memory_win.cc(73)] ReadMemory at 0x7ffd7fed0000 of 64 bytes failed: Only part of a ReadProcessMemory or WriteProcessMemory request was completed. (0x12B)
[0725/075734.593:WARNING:pe_image_reader.cc(340)] could not read dos header from C:\Program Files (x86)\Google\Chrome\Application\84.0.4147.89\chrome.dll
[0725/075734.593:ERROR:process_memory_win.cc(73)] ReadMemory at 0x7ffdd9410000 of 64 bytes failed: Only part of a ReadProcessMemory or WriteProcessMemory request was completed. (0x12B)
[0725/075734.593:WARNING:pe_image_reader.cc(340)] could not read dos header from C:\WINDOWS\System32\WS2_32.dll
[0725/075734.593:ERROR:process_memory_win.cc(73)] ReadMemory at 0x7ffdd9410000 of 64 bytes failed: Only part of a ReadProcessMemory or WriteProcessMemory request was completed. (0x12B)
[0725/075734.593:WARNING:pe_image_reader.cc(340)] could not read dos header from C:\WINDOWS\System32\WS2_32.dll
[0725/075734.593:ERROR:process_memory_win.cc(73)] ReadMemory at 0x7ffdd9950000 of 64 bytes failed: Only part of a ReadProcessMemory or WriteProcessMemory request was completed. (0x12B)
[0725/075734.593:WARNING:pe_image_reader.cc(340)] could not read dos header from C:\WINDOWS\System32\OLEAUT32.dll
[0725/075734.593:ERROR:process_memory_win.cc(73)] ReadMemory at 0x7ffdd9950000 of 64 bytes failed: Only part of a ReadProcessMemory or WriteProcessMemory request was completed. (0x12B)
[0725/075734.593:WARNING:pe_image_reader.cc(340)] could not read dos header from C:\WINDOWS\System32\OLEAUT32.dll
[0725/075734.593:ERROR:process_memory_win.cc(73)] ReadMemory at 0x7ffdd8ab0000 of 64 bytes failed: Only part of a ReadProcessMemory or WriteProcessMemory request was completed. (0x12B)
[0725/075734.593:WARNING:pe_image_reader.cc(340)] could not read dos header from C:\WINDOWS\System32\msvcp_win.dll
[0725/075734.593:ERROR:process_memory_win.cc(73)] ReadMemory at 0x7ffdd8ab0000 of 64 bytes failed: Only part of a ReadProcessMemory or WriteProcessMemory request was completed. (0x12B)
[0725/075734.593:WARNING:pe_image_reader.cc(340)] could not read dos header from C:\WINDOWS\System32\msvcp_win.dll
[0725/075734.593:ERROR:process_memory_win.cc(73)] ReadMemory at 0x7ffdd8f70000 of 64 bytes failed: Only part of a ReadProcessMemory or WriteProcessMemory request was completed. (0x12B)
[0725/075734.593:WARNING:pe_image_reader.cc(340)] could not read dos header from C:\WINDOWS\System32\ucrtbase.dll
[0725/075734.593:ERROR:process_memory_win.cc(73)] ReadMemory at 0x7ffdd8f70000 of 64 bytes failed: Only part of a ReadProcessMemory or WriteProcessMemory request was completed. (0x12B)
[0725/075734.593:WARNING:pe_image_reader.cc(340)] could not read dos header from C:\WINDOWS\System32\ucrtbase.dll
[0725/075734.594:ERROR:process_memory_win.cc(73)] ReadMemory at 0x7ffdd90c0000 of 64 bytes failed: Only part of a ReadProcessMemory or WriteProcessMemory request was completed. (0x12B)
[0725/075734.594:WARNING:pe_image_reader.cc(340)] could not read dos header from C:\WINDOWS\System32\combase.dll
[0725/075734.594:ERROR:process_memory_win.cc(73)] ReadMemory at 0x7ffdd90c0000 of 64 bytes failed: Only part of a ReadProcessMemory or WriteProcessMemory request was completed. (0x12B)
[0725/075734.594:WARNING:pe_image_reader.cc(340)] could not read dos header from C:\WINDOWS\System32\combase.dll
[0725/075734.594:ERROR:process_memory_win.cc(73)] ReadMemory at 0x7ffdd8c30000 of 64 bytes failed: Only part of a ReadProcessMemory or WriteProcessMemory request was completed. (0x12B)
[0725/075734.594:WARNING:pe_image_reader.cc(340)] could not read dos header from C:\WINDOWS\System32\WINTRUST.dll
[0725/075734.594:ERROR:process_memory_win.cc(73)] ReadMemory at 0x7ffdd8c30000 of 64 bytes failed: Only part of a ReadProcessMemory or WriteProcessMemory request was completed. (0x12B)
[0725/075734.594:WARNING:pe_image_reader.cc(340)] could not read dos header from C:\WINDOWS\System32\WINTRUST.dll
[0725/075734.594:ERROR:process_memory_win.cc(73)] ReadMemory at 0x7ffdd7e90000 of 64 bytes failed: Only part of a ReadProcessMemory or WriteProcessMemory request was completed. (0x12B)
[0725/075734.594:WARNING:pe_image_reader.cc(340)] could not read dos header from C:\WINDOWS\System32\MSASN1.dll
[0725/075734.594:ERROR:process_memory_win.cc(73)] ReadMemory at 0x7ffdd7e90000 of 64 bytes failed: Only part of a ReadProcessMemory or WriteProcessMemory request was completed. (0x12B)
[0725/075734.594:WARNING:pe_image_reader.cc(340)] could not read dos header from C:\WINDOWS\System32\MSASN1.dll
[0725/075734.594:ERROR:process_memory_win.cc(73)] ReadMemory at 0x7ffdd7f50000 of 64 bytes failed: Only part of a ReadProcessMemory or WriteProcessMemory request was completed. (0x12B)
[0725/075734.594:WARNING:pe_image_reader.cc(340)] could not read dos header from C:\WINDOWS\System32\CRYPT32.dll
[0725/075734.594:ERROR:process_memory_win.cc(73)] ReadMemory at 0x7ffdd7f50000 of 64 bytes failed: Only part of a ReadProcessMemory or WriteProcessMemory request was completed. (0x12B)
[0725/075734.594:WARNING:pe_image_reader.cc(340)] could not read dos header from C:\WINDOWS\System32\CRYPT32.dll
[0725/075734.594:ERROR:process_memory_win.cc(73)] ReadMemory at 0x7ffdd73c0000 of 64 bytes failed: Only part of a ReadProcessMemory or WriteProcessMemory request was completed. (0x12B)
[0725/075734.594:WARNING:pe_image_reader.cc(340)] could not read dos header from C:\WINDOWS\SYSTEM32\IPHLPAPI.DLL
[0725/075734.595:ERROR:process_memory_win.cc(73)] ReadMemory at 0x7ffdd73c0000 of 64 bytes failed: Only part of a ReadProcessMemory or WriteProcessMemory request was completed. (0x12B)
[0725/075734.595:WARNING:pe_image_reader.cc(340)] could not read dos header from C:\WINDOWS\SYSTEM32\IPHLPAPI.DLL
[0725/075734.595:ERROR:process_memory_win.cc(73)] ReadMemory at 0x7ffdd5170000 of 64 bytes failed: Only part of a ReadProcessMemory or WriteProcessMemory request was completed. (0x12B)
[0725/075734.595:WARNING:pe_image_reader.cc(340)] could not read dos header from C:\WINDOWS\SYSTEM32\WINMM.dll
[0725/075734.595:ERROR:process_memory_win.cc(73)] ReadMemory at 0x7ffdd5170000 of 64 bytes failed: Only part of a ReadProcessMemory or WriteProcessMemory request was completed. (0x12B)
[0725/075734.595:WARNING:pe_image_reader.cc(340)] could not read dos header from C:\WINDOWS\SYSTEM32\WINMM.dll
[0725/075734.595:ERROR:process_memory_win.cc(73)] ReadMemory at 0x7ffdc6c80000 of 64 bytes failed: Only part of a ReadProcessMemory or WriteProcessMemory request was completed. (0x12B)
[0725/075734.595:WARNING:pe_image_reader.cc(340)] could not read dos header from C:\WINDOWS\SYSTEM32\Secur32.dll
[0725/075734.595:ERROR:process_memory_win.cc(73)] ReadMemory at 0x7ffdc6c80000 of 64 bytes failed: Only part of a ReadProcessMemory or WriteProcessMemory request was completed. (0x12B)
[0725/075734.595:WARNING:pe_image_reader.cc(340)] could not read dos header from C:\WINDOWS\SYSTEM32\Secur32.dll
[0725/075734.595:ERROR:process_memory_win.cc(73)] ReadMemory at 0x7ffdd7da0000 of 64 bytes failed: Only part of a ReadProcessMemory or WriteProcessMemory request was completed. (0x12B)
[0725/075734.595:WARNING:pe_image_reader.cc(340)] could not read dos header from C:\WINDOWS\SYSTEM32\USERENV.dll
[0725/075734.595:ERROR:process_memory_win.cc(73)] ReadMemory at 0x7ffdd7da0000 of 64 bytes failed: Only part of a ReadProcessMemory or WriteProcessMemory request was completed. (0x12B)
[0725/075734.595:WARNING:pe_image_reader.cc(340)] could not read dos header from C:\WINDOWS\SYSTEM32\USERENV.dll
[0725/075734.595:ERROR:process_memory_win.cc(73)] ReadMemory at 0x7ffdd7eb0000 of 64 bytes failed: Only part of a ReadProcessMemory or WriteProcessMemory request was completed. (0x12B)
[0725/075734.595:WARNING:pe_image_reader.cc(340)] could not read dos header from C:\WINDOWS\System32\profapi.dll
[0725/075734.595:ERROR:process_memory_win.cc(73)] ReadMemory at 0x7ffdd7eb0000 of 64 bytes failed: Only part of a ReadProcessMemory or WriteProcessMemory request was completed. (0x12B)
[0725/075734.595:WARNING:pe_image_reader.cc(340)] could not read dos header from C:\WINDOWS\System32\profapi.dll
[0725/075734.595:ERROR:process_memory_win.cc(73)] ReadMemory at 0x7ffdb6dd0000 of 64 bytes failed: Only part of a ReadProcessMemory or WriteProcessMemory request was completed. (0x12B)
[0725/075734.596:WARNING:pe_image_reader.cc(340)] could not read dos header from C:\WINDOWS\SYSTEM32\UIAutomationCore.DLL
[0725/075734.596:ERROR:process_memory_win.cc(73)] ReadMemory at 0x7ffdb6dd0000 of 64 bytes failed: Only part of a ReadProcessMemory or WriteProcessMemory request was completed. (0x12B)
[0725/075734.596:WARNING:pe_image_reader.cc(340)] could not read dos header from C:\WINDOWS\SYSTEM32\UIAutomationCore.DLL
[0725/075734.596:ERROR:process_memory_win.cc(73)] ReadMemory at 0x7ffdc0dd0000 of 64 bytes failed: Only part of a ReadProcessMemory or WriteProcessMemory request was completed. (0x12B)
[0725/075734.596:WARNING:pe_image_reader.cc(340)] could not read dos header from C:\WINDOWS\SYSTEM32\DWrite.dll
[0725/075734.596:ERROR:process_memory_win.cc(73)] ReadMemory at 0x7ffdc0dd0000 of 64 bytes failed: Only part of a ReadProcessMemory or WriteProcessMemory request was completed. (0x12B)
[0725/075734.596:WARNING:pe_image_reader.cc(340)] could not read dos header from C:\WINDOWS\SYSTEM32\DWrite.dll
[0725/075734.596:ERROR:process_memory_win.cc(73)] ReadMemory at 0x7ffdc0120000 of 64 bytes failed: Only part of a ReadProcessMemory or WriteProcessMemory request was completed. (0x12B)
[0725/075734.596:WARNING:pe_image_reader.cc(340)] could not read dos header from C:\WINDOWS\SYSTEM32\WINSPOOL.DRV
[0725/075734.596:ERROR:process_memory_win.cc(73)] ReadMemory at 0x7ffdc0120000 of 64 bytes failed: Only part of a ReadProcessMemory or WriteProcessMemory request was completed. (0x12B)
[0725/075734.596:WARNING:pe_image_reader.cc(340)] could not read dos header from C:\WINDOWS\SYSTEM32\WINSPOOL.DRV
[0725/075734.596:ERROR:process_memory_win.cc(73)] ReadMemory at 0x7ffdd7ee0000 of 64 bytes failed: Only part of a ReadProcessMemory or WriteProcessMemory request was completed. (0x12B)
[0725/075734.596:WARNING:pe_image_reader.cc(340)] could not read dos header from C:\WINDOWS\System32\kernel.appcore.dll
[0725/075734.596:ERROR:process_memory_win.cc(73)] ReadMemory at 0x7ffdd7ee0000 of 64 bytes failed: Only part of a ReadProcessMemory or WriteProcessMemory request was completed. (0x12B)
[0725/075734.596:WARNING:pe_image_reader.cc(340)] could not read dos header from C:\WINDOWS\System32\kernel.appcore.dll
[0725/075734.596:ERROR:process_memory_win.cc(73)] ReadMemory at 0x7ffdd8c00000 of 64 bytes failed: Only part of a ReadProcessMemory or WriteProcessMemory request was completed. (0x12B)
[0725/075734.596:WARNING:pe_image_reader.cc(340)] could not read dos header from C:\WINDOWS\System32\bcrypt.dll
[0725/075734.596:ERROR:process_memory_win.cc(73)] ReadMemory at 0x7ffdd8c00000 of 64 bytes failed: Only part of a ReadProcessMemory or WriteProcessMemory request was completed. (0x12B)
[0725/075734.596:WARNING:pe_image_reader.cc(340)] could not read dos header from C:\WINDOWS\System32\bcrypt.dll
[0725/075734.597:ERROR:process_memory_win.cc(73)] ReadMemory at 0x7ffdc6c90000 of 64 bytes failed: Only part of a ReadProcessMemory or WriteProcessMemory request was completed. (0x12B)
[0725/075734.597:WARNING:pe_image_reader.cc(340)] could not read dos header from C:\WINDOWS\SYSTEM32\dbghelp.dll
[0725/075734.597:ERROR:process_memory_win.cc(73)] ReadMemory at 0x7ffdc6c90000 of 64 bytes failed: Only part of a ReadProcessMemory or WriteProcessMemory request was completed. (0x12B)
[0725/075734.597:WARNING:pe_image_reader.cc(340)] could not read dos header from C:\WINDOWS\SYSTEM32\dbghelp.dll
[0725/075734.597:ERROR:process_memory_win.cc(73)] ReadMemory at 0x7ffdd0ff0000 of 64 bytes failed: Only part of a ReadProcessMemory or WriteProcessMemory request was completed. (0x12B)
[0725/075734.597:WARNING:pe_image_reader.cc(340)] could not read dos header from C:\WINDOWS\SYSTEM32\WINHTTP.dll
[0725/075734.597:ERROR:process_memory_win.cc(73)] ReadMemory at 0x7ffdd0ff0000 of 64 bytes failed: Only part of a ReadProcessMemory or WriteProcessMemory request was completed. (0x12B)
[0725/075734.597:WARNING:pe_image_reader.cc(340)] could not read dos header from C:\WINDOWS\SYSTEM32\WINHTTP.dll
[0725/075734.597:ERROR:process_memory_win.cc(73)] ReadMemory at 0x7ffdd0710000 of 64 bytes failed: Only part of a ReadProcessMemory or WriteProcessMemory request was completed. (0x12B)
[0725/075734.597:WARNING:pe_image_reader.cc(340)] could not read dos header from C:\WINDOWS\SYSTEM32\dhcpcsvc.DLL
[0725/075734.597:ERROR:process_memory_win.cc(73)] ReadMemory at 0x7ffdd0710000 of 64 bytes failed: Only part of a ReadProcessMemory or WriteProcessMemory request was completed. (0x12B)
[0725/075734.597:WARNING:pe_image_reader.cc(340)] could not read dos header from C:\WINDOWS\SYSTEM32\dhcpcsvc.DLL
[0725/075734.597:ERROR:process_memory_win.cc(73)] ReadMemory at 0x7ffdd9f90000 of 64 bytes failed: Only part of a ReadProcessMemory or WriteProcessMemory request was completed. (0x12B)
[0725/075734.597:WARNING:pe_image_reader.cc(340)] could not read dos header from C:\WINDOWS\System32\NSI.dll
[0725/075734.597:ERROR:process_memory_win.cc(73)] ReadMemory at 0x7ffdd9f90000 of 64 bytes failed: Only part of a ReadProcessMemory or WriteProcessMemory request was completed. (0x12B)
[0725/075734.597:WARNING:pe_image_reader.cc(340)] could not read dos header from C:\WINDOWS\System32\NSI.dll
[0725/075734.597:ERROR:process_memory_win.cc(73)] ReadMemory at 0x7ffdd5140000 of 64 bytes failed: Only part of a ReadProcessMemory or WriteProcessMemory request was completed. (0x12B)
[0725/075734.597:WARNING:pe_image_reader.cc(340)] could not read dos header from C:\WINDOWS\SYSTEM32\WINMMBASE.dll
[0725/075734.598:ERROR:process_memory_win.cc(73)] ReadMemory at 0x7ffdd5140000 of 64 bytes failed: Only part of a ReadProcessMemory or WriteProcessMemory request was completed. (0x12B)
[0725/075734.598:WARNING:pe_image_reader.cc(340)] could not read dos header from C:\WINDOWS\SYSTEM32\WINMMBASE.dll
[0725/075734.598:ERROR:process_memory_win.cc(73)] ReadMemory at 0x7ffdd80a0000 of 64 bytes failed: Only part of a ReadProcessMemory or WriteProcessMemory request was completed. (0x12B)
[0725/075734.598:WARNING:pe_image_reader.cc(340)] could not read dos header from C:\WINDOWS\System32\cfgmgr32.dll
[0725/075734.598:ERROR:process_memory_win.cc(73)] ReadMemory at 0x7ffdd80a0000 of 64 bytes failed: Only part of a ReadProcessMemory or WriteProcessMemory request was completed. (0x12B)
[0725/075734.598:WARNING:pe_image_reader.cc(340)] could not read dos header from C:\WINDOWS\System32\cfgmgr32.dll
[0725/075734.598:ERROR:process_memory_win.cc(73)] ReadMemory at 0x7ffdd47d0000 of 64 bytes failed: Only part of a ReadProcessMemory or WriteProcessMemory request was completed. (0x12B)
[0725/075734.598:WARNING:pe_image_reader.cc(340)] could not read dos header from C:\WINDOWS\SYSTEM32\PROPSYS.dll
[0725/075734.598:ERROR:process_memory_win.cc(73)] ReadMemory at 0x7ffdd47d0000 of 64 bytes failed: Only part of a ReadProcessMemory or WriteProcessMemory request was completed. (0x12B)
[0725/075734.598:WARNING:pe_image_reader.cc(340)] could not read dos header from C:\WINDOWS\SYSTEM32\PROPSYS.dll
[0725/075734.598:ERROR:process_memory_win.cc(73)] ReadMemory at 0x7ffddac10000 of 64 bytes failed: Only part of a ReadProcessMemory or WriteProcessMemory request was completed. (0x12B)
[0725/075734.598:WARNING:pe_image_reader.cc(340)] could not read dos header from C:\WINDOWS\System32\shcore.dll
[0725/075734.598:ERROR:process_memory_win.cc(73)] ReadMemory at 0x7ffddac10000 of 64 bytes failed: Only part of a ReadProcessMemory or WriteProcessMemory request was completed. (0x12B)
[0725/075734.598:WARNING:pe_image_reader.cc(340)] could not read dos header from C:\WINDOWS\System32\shcore.dll
[0725/075734.598:ERROR:process_memory_win.cc(73)] ReadMemory at 0x7ffdd7d70000 of 64 bytes failed: Only part of a ReadProcessMemory or WriteProcessMemory request was completed. (0x12B)
[0725/075734.598:WARNING:pe_image_reader.cc(340)] could not read dos header from C:\WINDOWS\SYSTEM32\SSPICLI.DLL
[0725/075734.598:ERROR:process_memory_win.cc(73)] ReadMemory at 0x7ffdd7d70000 of 64 bytes failed: Only part of a ReadProcessMemory or WriteProcessMemory request was completed. (0x12B)
[0725/075734.598:WARNING:pe_image_reader.cc(340)] could not read dos header from C:\WINDOWS\SYSTEM32\SSPICLI.DLL
[0725/075734.599:ERROR:process_memory_win.cc(73)] ReadMemory at 0x7ffdd7820000 of 64 bytes failed: Only part of a ReadProcessMemory or WriteProcessMemory request was completed. (0x12B)
[0725/075734.599:WARNING:pe_image_reader.cc(340)] could not read dos header from C:\WINDOWS\SYSTEM32\CRYPTBASE.DLL
[0725/075734.599:ERROR:process_memory_win.cc(73)] ReadMemory at 0x7ffdd7820000 of 64 bytes failed: Only part of a ReadProcessMemory or WriteProcessMemory request was completed. (0x12B)
[0725/075734.599:WARNING:pe_image_reader.cc(340)] could not read dos header from C:\WINDOWS\SYSTEM32\CRYPTBASE.DLL
[0725/075734.744:ERROR:process_memory_win.cc(73)] ReadMemory at 0x7ff72e2a0000 of 64 bytes failed: Only part of a ReadProcessMemory or WriteProcessMemory request was completed. (0x12B)
[0725/075734.744:WARNING:pe_image_reader.cc(340)] could not read dos header from C:\Program Files (x86)\Google\Chrome\Application\chrome.exe
[0725/075734.744:ERROR:process_memory_win.cc(73)] ReadMemory at 0x7ffddafc0000 of 64 bytes failed: Only part of a ReadProcessMemory or WriteProcessMemory request was completed. (0x12B)
[0725/075734.744:WARNING:pe_image_reader.cc(340)] could not read dos header from C:\WINDOWS\SYSTEM32\ntdll.dll
[0725/075734.744:ERROR:process_memory_win.cc(73)] ReadMemory at 0x7ffdda9c0000 of 64 bytes failed: Only part of a ReadProcessMemory or WriteProcessMemory request was completed. (0x12B)
[0725/075734.744:WARNING:pe_image_reader.cc(340)] could not read dos header from C:\WINDOWS\System32\KERNEL32.DLL
[0725/075734.744:ERROR:process_memory_win.cc(73)] ReadMemory at 0x7ffdd8cc0000 of 64 bytes failed: Only part of a ReadProcessMemory or WriteProcessMemory request was completed. (0x12B)
[0725/075734.744:WARNING:pe_image_reader.cc(340)] could not read dos header from C:\WINDOWS\System32\KERNELBASE.dll
[0725/075734.744:ERROR:process_memory_win.cc(73)] ReadMemory at 0x7ffd8b510000 of 64 bytes failed: Only part of a ReadProcessMemory or WriteProcessMemory request was completed. (0x12B)
[0725/075734.744:WARNING:pe_image_reader.cc(340)] could not read dos header from C:\Program Files (x86)\Google\Chrome\Application\84.0.4147.89\chrome_elf.dll
[0725/075734.744:ERROR:process_memory_win.cc(73)] ReadMemory at 0x7ffdcf890000 of 64 bytes failed: Only part of a ReadProcessMemory or WriteProcessMemory request was completed. (0x12B)
[0725/075734.745:WARNING:pe_image_reader.cc(340)] could not read dos header from C:\WINDOWS\SYSTEM32\VERSION.dll
[0725/075734.745:ERROR:process_memory_win.cc(73)] ReadMemory at 0x7ffddad40000 of 64 bytes failed: Only part of a ReadProcessMemory or WriteProcessMemory request was completed. (0x12B)
[0725/075734.745:WARNING:pe_image_reader.cc(340)] could not read dos header from C:\WINDOWS\System32\msvcrt.dll
[0725/075734.745:ERROR:process_memory_win.cc(73)] ReadMemory at 0x7ffdd80f0000 of 64 bytes failed: Only part of a ReadProcessMemory or WriteProcessMemory request was completed. (0x12B)
[0725/075734.745:WARNING:pe_image_reader.cc(340)] could not read dos header from C:\WINDOWS\System32\bcryptPrimitives.dll
[0725/075734.745:ERROR:process_memory_win.cc(73)] ReadMemory at 0x7ffdda0a0000 of 64 bytes failed: Only part of a ReadProcessMemory or WriteProcessMemory request was completed. (0x12B)
[0725/075734.745:WARNING:pe_image_reader.cc(340)] could not read dos header from C:\WINDOWS\System32\ADVAPI32.dll
[0725/075734.745:ERROR:process_memory_win.cc(73)] ReadMemory at 0x7ffdda000000 of 64 bytes failed: Only part of a ReadProcessMemory or WriteProcessMemory request was completed. (0x12B)
[0725/075734.745:WARNING:pe_image_reader.cc(340)] could not read dos header from C:\WINDOWS\System32\sechost.dll
[0725/075734.745:ERROR:process_memory_win.cc(73)] ReadMemory at 0x7ffddade0000 of 64 bytes failed: Only part of a ReadProcessMemory or WriteProcessMemory request was completed. (0x12B)
[0725/075734.745:WARNING:pe_image_reader.cc(340)] could not read dos header from C:\WINDOWS\System32\RPCRT4.dll
[0725/075734.745:ERROR:process_memory_win.cc(73)] ReadMemory at 0x7ffd7fed0000 of 64 bytes failed: Only part of a ReadProcessMemory or WriteProcessMemory request was completed. (0x12B)
[0725/075734.745:WARNING:pe_image_reader.cc(340)] could not read dos header from C:\Program Files (x86)\Google\Chrome\Application\84.0.4147.89\chrome.dll
[0725/075734.745:ERROR:process_memory_win.cc(73)] ReadMemory at 0x7ffdd9410000 of 64 bytes failed: Only part of a ReadProcessMemory or WriteProcessMemory request was completed. (0x12B)
[0725/075734.745:WARNING:pe_image_reader.cc(340)] could not read dos header from C:\WINDOWS\System32\WS2_32.dll
[0725/075734.745:ERROR:process_memory_win.cc(73)] ReadMemory at 0x7ffdd9950000 of 64 bytes failed: Only part of a ReadProcessMemory or WriteProcessMemory request was completed. (0x12B)
[0725/075734.745:WARNING:pe_image_reader.cc(340)] could not read dos header from C:\WINDOWS\System32\OLEAUT32.dll
[0725/075734.745:ERROR:process_memory_win.cc(73)] ReadMemory at 0x7ffdd8ab0000 of 64 bytes failed: Only part of a ReadProcessMemory or WriteProcessMemory request was completed. (0x12B)
[0725/075734.745:WARNING:pe_image_reader.cc(340)] could not read dos header from C:\WINDOWS\System32\msvcp_win.dll
[0725/075734.746:ERROR:process_memory_win.cc(73)] ReadMemory at 0x7ffdd8f70000 of 64 bytes failed: Only part of a ReadProcessMemory or WriteProcessMemory request was completed. (0x12B)
[0725/075734.746:WARNING:pe_image_reader.cc(340)] could not read dos header from C:\WINDOWS\System32\ucrtbase.dll
[0725/075734.746:ERROR:process_memory_win.cc(73)] ReadMemory at 0x7ffdd90c0000 of 64 bytes failed: Only part of a ReadProcessMemory or WriteProcessMemory request was completed. (0x12B)
[0725/075734.746:WARNING:pe_image_reader.cc(340)] could not read dos header from C:\WINDOWS\System32\combase.dll
[0725/075734.746:ERROR:process_memory_win.cc(73)] ReadMemory at 0x7ffdd8c30000 of 64 bytes failed: Only part of a ReadProcessMemory or WriteProcessMemory request was completed. (0x12B)
[0725/075734.746:WARNING:pe_image_reader.cc(340)] could not read dos header from C:\WINDOWS\System32\WINTRUST.dll
[0725/075734.746:ERROR:process_memory_win.cc(73)] ReadMemory at 0x7ffdd7e90000 of 64 bytes failed: Only part of a ReadProcessMemory or WriteProcessMemory request was completed. (0x12B)
[0725/075734.746:WARNING:pe_image_reader.cc(340)] could not read dos header from C:\WINDOWS\System32\MSASN1.dll
[0725/075734.746:ERROR:process_memory_win.cc(73)] ReadMemory at 0x7ffdd7f50000 of 64 bytes failed: Only part of a ReadProcessMemory or WriteProcessMemory request was completed. (0x12B)
[0725/075734.746:WARNING:pe_image_reader.cc(340)] could not read dos header from C:\WINDOWS\System32\CRYPT32.dll
[0725/075734.746:ERROR:process_memory_win.cc(73)] ReadMemory at 0x7ffdd73c0000 of 64 bytes failed: Only part of a ReadProcessMemory or WriteProcessMemory request was completed. (0x12B)
[0725/075734.746:WARNING:pe_image_reader.cc(340)] could not read dos header from C:\WINDOWS\SYSTEM32\IPHLPAPI.DLL
[0725/075734.746:ERROR:process_memory_win.cc(73)] ReadMemory at 0x7ffdd5170000 of 64 bytes failed: Only part of a ReadProcessMemory or WriteProcessMemory request was completed. (0x12B)
[0725/075734.746:WARNING:pe_image_reader.cc(340)] could not read dos header from C:\WINDOWS\SYSTEM32\WINMM.dll
[0725/075734.746:ERROR:process_memory_win.cc(73)] ReadMemory at 0x7ffdc6c80000 of 64 bytes failed: Only part of a ReadProcessMemory or WriteProcessMemory request was completed. (0x12B)
[0725/075734.746:WARNING:pe_image_reader.cc(340)] could not read dos header from C:\WINDOWS\SYSTEM32\Secur32.dll
[0725/075734.746:ERROR:process_memory_win.cc(73)] ReadMemory at 0x7ffdd7da0000 of 64 bytes failed: Only part of a ReadProcessMemory or WriteProcessMemory request was completed. (0x12B)
[0725/075734.747:WARNING:pe_image_reader.cc(340)] could not read dos header from C:\WINDOWS\SYSTEM32\USERENV.dll
[0725/075734.747:ERROR:process_memory_win.cc(73)] ReadMemory at 0x7ffdd7eb0000 of 64 bytes failed: Only part of a ReadProcessMemory or WriteProcessMemory request was completed. (0x12B)
[0725/075734.747:WARNING:pe_image_reader.cc(340)] could not read dos header from C:\WINDOWS\System32\profapi.dll
[0725/075734.747:ERROR:process_memory_win.cc(73)] ReadMemory at 0x7ffdb6dd0000 of 64 bytes failed: Only part of a ReadProcessMemory or WriteProcessMemory request was completed. (0x12B)
[0725/075734.747:WARNING:pe_image_reader.cc(340)] could not read dos header from C:\WINDOWS\SYSTEM32\UIAutomationCore.DLL
[0725/075734.747:ERROR:process_memory_win.cc(73)] ReadMemory at 0x7ffdc0dd0000 of 64 bytes failed: Only part of a ReadProcessMemory or WriteProcessMemory request was completed. (0x12B)
[0725/075734.747:WARNING:pe_image_reader.cc(340)] could not read dos header from C:\WINDOWS\SYSTEM32\DWrite.dll
[0725/075734.747:ERROR:process_memory_win.cc(73)] ReadMemory at 0x7ffdc0120000 of 64 bytes failed: Only part of a ReadProcessMemory or WriteProcessMemory request was completed. (0x12B)
[0725/075734.747:WARNING:pe_image_reader.cc(340)] could not read dos header from C:\WINDOWS\SYSTEM32\WINSPOOL.DRV
[0725/075734.747:ERROR:process_memory_win.cc(73)] ReadMemory at 0x7ffdd7ee0000 of 64 bytes failed: Only part of a ReadProcessMemory or WriteProcessMemory request was completed. (0x12B)
[0725/075734.747:WARNING:pe_image_reader.cc(340)] could not read dos header from C:\WINDOWS\System32\kernel.appcore.dll
[0725/075734.747:ERROR:process_memory_win.cc(73)] ReadMemory at 0x7ffdd8c00000 of 64 bytes failed: Only part of a ReadProcessMemory or WriteProcessMemory request was completed. (0x12B)
[0725/075734.747:WARNING:pe_image_reader.cc(340)] could not read dos header from C:\WINDOWS\System32\bcrypt.dll
[0725/075734.747:ERROR:process_memory_win.cc(73)] ReadMemory at 0x7ffdc6c90000 of 64 bytes failed: Only part of a ReadProcessMemory or WriteProcessMemory request was completed. (0x12B)
[0725/075734.747:WARNING:pe_image_reader.cc(340)] could not read dos header from C:\WINDOWS\SYSTEM32\dbghelp.dll
[0725/075734.747:ERROR:process_memory_win.cc(73)] ReadMemory at 0x7ffdd0ff0000 of 64 bytes failed: Only part of a ReadProcessMemory or WriteProcessMemory request was completed. (0x12B)
[0725/075734.747:WARNING:pe_image_reader.cc(340)] could not read dos header from C:\WINDOWS\SYSTEM32\WINHTTP.dll
[0725/075734.747:ERROR:process_memory_win.cc(73)] ReadMemory at 0x7ffdd0710000 of 64 bytes failed: Only part of a ReadProcessMemory or WriteProcessMemory request was completed. (0x12B)
[0725/075734.747:WARNING:pe_image_reader.cc(340)] could not read dos header from C:\WINDOWS\SYSTEM32\dhcpcsvc.DLL
[0725/075734.747:ERROR:process_memory_win.cc(73)] ReadMemory at 0x7ffdd9f90000 of 64 bytes failed: Only part of a ReadProcessMemory or WriteProcessMemory request was completed. (0x12B)
[0725/075734.748:WARNING:pe_image_reader.cc(340)] could not read dos header from C:\WINDOWS\System32\NSI.dll
[0725/075734.748:ERROR:process_memory_win.cc(73)] ReadMemory at 0x7ffdd5140000 of 64 bytes failed: Only part of a ReadProcessMemory or WriteProcessMemory request was completed. (0x12B)
[0725/075734.748:WARNING:pe_image_reader.cc(340)] could not read dos header from C:\WINDOWS\SYSTEM32\WINMMBASE.dll
[0725/075734.748:ERROR:process_memory_win.cc(73)] ReadMemory at 0x7ffdd80a0000 of 64 bytes failed: Only part of a ReadProcessMemory or WriteProcessMemory request was completed. (0x12B)
[0725/075734.748:WARNING:pe_image_reader.cc(340)] could not read dos header from C:\WINDOWS\System32\cfgmgr32.dll
[0725/075734.748:ERROR:process_memory_win.cc(73)] ReadMemory at 0x7ffdd47d0000 of 64 bytes failed: Only part of a ReadProcessMemory or WriteProcessMemory request was completed. (0x12B)
[0725/075734.748:WARNING:pe_image_reader.cc(340)] could not read dos header from C:\WINDOWS\SYSTEM32\PROPSYS.dll
[0725/075734.748:ERROR:process_memory_win.cc(73)] ReadMemory at 0x7ffddac10000 of 64 bytes failed: Only part of a ReadProcessMemory or WriteProcessMemory request was completed. (0x12B)
[0725/075734.748:WARNING:pe_image_reader.cc(340)] could not read dos header from C:\WINDOWS\System32\shcore.dll
[0725/075734.748:ERROR:process_memory_win.cc(73)] ReadMemory at 0x7ffdd7d70000 of 64 bytes failed: Only part of a ReadProcessMemory or WriteProcessMemory request was completed. (0x12B)
[0725/075734.748:WARNING:pe_image_reader.cc(340)] could not read dos header from C:\WINDOWS\SYSTEM32\SSPICLI.DLL
[0725/075734.748:ERROR:process_memory_win.cc(73)] ReadMemory at 0x7ffdd7820000 of 64 bytes failed: Only part of a ReadProcessMemory or WriteProcessMemory request was completed. (0x12B)
[0725/075734.748:WARNING:pe_image_reader.cc(340)] could not read dos header from C:\WINDOWS\SYSTEM32\CRYPTBASE.DLL
[0725/075734.755:ERROR:process_memory_win.cc(73)] ReadMemory at 0x7ff72e2a0000 of 64 bytes failed: Only part of a ReadProcessMemory or WriteProcessMemory request was completed. (0x12B)
[0725/075734.755:WARNING:pe_image_reader.cc(340)] could not read dos header from C:\Program Files (x86)\Google\Chrome\Application\chrome.exe
[0725/075734.755:ERROR:process_memory_win.cc(73)] ReadMemory at 0x7ffddafc0000 of 64 bytes failed: Only part of a ReadProcessMemory or WriteProcessMemory request was completed. (0x12B)
[0725/075734.755:WARNING:pe_image_reader.cc(340)] could not read dos header from C:\WINDOWS\SYSTEM32\ntdll.dll
[0725/075734.755:ERROR:process_memory_win.cc(73)] ReadMemory at 0x7ffdda9c0000 of 64 bytes failed: Only part of a ReadProcessMemory or WriteProcessMemory request was completed. (0x12B)
[0725/075734.755:WARNING:pe_image_reader.cc(340)] could not read dos header from C:\WINDOWS\System32\KERNEL32.DLL
[0725/075734.755:ERROR:process_memory_win.cc(73)] ReadMemory at 0x7ffdd8cc0000 of 64 bytes failed: Only part of a ReadProcessMemory or WriteProcessMemory request was completed. (0x12B)
[0725/075734.755:WARNING:pe_image_reader.cc(340)] could not read dos header from C:\WINDOWS\System32\KERNELBASE.dll
[0725/075734.755:ERROR:process_memory_win.cc(73)] ReadMemory at 0x7ffd8b510000 of 64 bytes failed: Only part of a ReadProcessMemory or WriteProcessMemory request was completed. (0x12B)
[0725/075734.755:WARNING:pe_image_reader.cc(340)] could not read dos header from C:\Program Files (x86)\Google\Chrome\Application\84.0.4147.89\chrome_elf.dll
[0725/075734.755:ERROR:process_memory_win.cc(73)] ReadMemory at 0x7ffdcf890000 of 64 bytes failed: Only part of a ReadProcessMemory or WriteProcessMemory request was completed. (0x12B)
[0725/075734.755:WARNING:pe_image_reader.cc(340)] could not read dos header from C:\WINDOWS\SYSTEM32\VERSION.dll
[0725/075734.755:ERROR:process_memory_win.cc(73)] ReadMemory at 0x7ffddad40000 of 64 bytes failed: Only part of a ReadProcessMemory or WriteProcessMemory request was completed. (0x12B)
[0725/075734.756:WARNING:pe_image_reader.cc(340)] could not read dos header from C:\WINDOWS\System32\msvcrt.dll
[0725/075734.756:ERROR:process_memory_win.cc(73)] ReadMemory at 0x7ffdd80f0000 of 64 bytes failed: Only part of a ReadProcessMemory or WriteProcessMemory request was completed. (0x12B)
[0725/075734.756:WARNING:pe_image_reader.cc(340)] could not read dos header from C:\WINDOWS\System32\bcryptPrimitives.dll
[0725/075734.756:ERROR:process_memory_win.cc(73)] ReadMemory at 0x7ffdda0a0000 of 64 bytes failed: Only part of a ReadProcessMemory or WriteProcessMemory request was completed. (0x12B)
[0725/075734.756:WARNING:pe_image_reader.cc(340)] could not read dos header from C:\WINDOWS\System32\ADVAPI32.dll
[0725/075734.756:ERROR:process_memory_win.cc(73)] ReadMemory at 0x7ffdda000000 of 64 bytes failed: Only part of a ReadProcessMemory or WriteProcessMemory request was completed. (0x12B)
[0725/075734.756:WARNING:pe_image_reader.cc(340)] could not read dos header from C:\WINDOWS\System32\sechost.dll
[0725/075734.756:ERROR:process_memory_win.cc(73)] ReadMemory at 0x7ffddade0000 of 64 bytes failed: Only part of a ReadProcessMemory or WriteProcessMemory request was completed. (0x12B)
[0725/075734.756:WARNING:pe_image_reader.cc(340)] could not read dos header from C:\WINDOWS\System32\RPCRT4.dll
[0725/075734.756:ERROR:process_memory_win.cc(73)] ReadMemory at 0x7ffd7fed0000 of 64 bytes failed: Only part of a ReadProcessMemory or WriteProcessMemory request was completed. (0x12B)
[0725/075734.756:WARNING:pe_image_reader.cc(340)] could not read dos header from C:\Program Files (x86)\Google\Chrome\Application\84.0.4147.89\chrome.dll
[0725/075734.756:ERROR:process_memory_win.cc(73)] ReadMemory at 0x7ffdd9410000 of 64 bytes failed: Only part of a ReadProcessMemory or WriteProcessMemory request was completed. (0x12B)
[0725/075734.756:WARNING:pe_image_reader.cc(340)] could not read dos header from C:\WINDOWS\System32\WS2_32.dll
[0725/075734.757:ERROR:process_memory_win.cc(73)] ReadMemory at 0x7ffdd9950000 of 64 bytes failed: Only part of a ReadProcessMemory or WriteProcessMemory request was completed. (0x12B)
[0725/075734.757:WARNING:pe_image_reader.cc(340)] could not read dos header from C:\WINDOWS\System32\OLEAUT32.dll
[0725/075734.757:ERROR:process_memory_win.cc(73)] ReadMemory at 0x7ffdd8ab0000 of 64 bytes failed: Only part of a ReadProcessMemory or WriteProcessMemory request was completed. (0x12B)
[0725/075734.757:WARNING:pe_image_reader.cc(340)] could not read dos header from C:\WINDOWS\System32\msvcp_win.dll
[0725/075734.757:ERROR:process_memory_win.cc(73)] ReadMemory at 0x7ffdd8f70000 of 64 bytes failed: Only part of a ReadProcessMemory or WriteProcessMemory request was completed. (0x12B)
[0725/075734.757:WARNING:pe_image_reader.cc(340)] could not read dos header from C:\WINDOWS\System32\ucrtbase.dll
[0725/075734.757:ERROR:process_memory_win.cc(73)] ReadMemory at 0x7ffdd90c0000 of 64 bytes failed: Only part of a ReadProcessMemory or WriteProcessMemory request was completed. (0x12B)
[0725/075734.757:WARNING:pe_image_reader.cc(340)] could not read dos header from C:\WINDOWS\System32\combase.dll
[0725/075734.757:ERROR:process_memory_win.cc(73)] ReadMemory at 0x7ffdd8c30000 of 64 bytes failed: Only part of a ReadProcessMemory or WriteProcessMemory request was completed. (0x12B)
[0725/075734.757:WARNING:pe_image_reader.cc(340)] could not read dos header from C:\WINDOWS\System32\WINTRUST.dll
[0725/075734.757:ERROR:process_memory_win.cc(73)] ReadMemory at 0x7ffdd7e90000 of 64 bytes failed: Only part of a ReadProcessMemory or WriteProcessMemory request was completed. (0x12B)
[0725/075734.757:WARNING:pe_image_reader.cc(340)] could not read dos header from C:\WINDOWS\System32\MSASN1.dll
[0725/075734.757:ERROR:process_memory_win.cc(73)] ReadMemory at 0x7ffdd7f50000 of 64 bytes failed: Only part of a ReadProcessMemory or WriteProcessMemory request was completed. (0x12B)
[0725/075734.758:WARNING:pe_image_reader.cc(340)] could not read dos header from C:\WINDOWS\System32\CRYPT32.dll
[0725/075734.758:ERROR:process_memory_win.cc(73)] ReadMemory at 0x7ffdd73c0000 of 64 bytes failed: Only part of a ReadProcessMemory or WriteProcessMemory request was completed. (0x12B)
[0725/075734.758:WARNING:pe_image_reader.cc(340)] could not read dos header from C:\WINDOWS\SYSTEM32\IPHLPAPI.DLL
[0725/075734.758:ERROR:process_memory_win.cc(73)] ReadMemory at 0x7ffdd5170000 of 64 bytes failed: Only part of a ReadProcessMemory or WriteProcessMemory request was completed. (0x12B)
[0725/075734.758:WARNING:pe_image_reader.cc(340)] could not read dos header from C:\WINDOWS\SYSTEM32\WINMM.dll
[0725/075734.758:ERROR:process_memory_win.cc(73)] ReadMemory at 0x7ffdc6c80000 of 64 bytes failed: Only part of a ReadProcessMemory or WriteProcessMemory request was completed. (0x12B)
[0725/075734.758:WARNING:pe_image_reader.cc(340)] could not read dos header from C:\WINDOWS\SYSTEM32\Secur32.dll
[0725/075734.758:ERROR:process_memory_win.cc(73)] ReadMemory at 0x7ffdd7da0000 of 64 bytes failed: Only part of a ReadProcessMemory or WriteProcessMemory request was completed. (0x12B)
[0725/075734.759:WARNING:pe_image_reader.cc(340)] could not read dos header from C:\WINDOWS\SYSTEM32\USERENV.dll
[0725/075734.759:ERROR:process_memory_win.cc(73)] ReadMemory at 0x7ffdd7eb0000 of 64 bytes failed: Only part of a ReadProcessMemory or WriteProcessMemory request was completed. (0x12B)
[0725/075734.759:WARNING:pe_image_reader.cc(340)] could not read dos header from C:\WINDOWS\System32\profapi.dll
[0725/075734.759:ERROR:process_memory_win.cc(73)] ReadMemory at 0x7ffdb6dd0000 of 64 bytes failed: Only part of a ReadProcessMemory or WriteProcessMemory request was completed. (0x12B)
[0725/075734.759:WARNING:pe_image_reader.cc(340)] could not read dos header from C:\WINDOWS\SYSTEM32\UIAutomationCore.DLL
[0725/075734.759:ERROR:process_memory_win.cc(73)] ReadMemory at 0x7ffdc0dd0000 of 64 bytes failed: Only part of a ReadProcessMemory or WriteProcessMemory request was completed. (0x12B)
[0725/075734.759:WARNING:pe_image_reader.cc(340)] could not read dos header from C:\WINDOWS\SYSTEM32\DWrite.dll
[0725/075734.759:ERROR:process_memory_win.cc(73)] ReadMemory at 0x7ffdc0120000 of 64 bytes failed: Only part of a ReadProcessMemory or WriteProcessMemory request was completed. (0x12B)
[0725/075734.759:WARNING:pe_image_reader.cc(340)] could not read dos header from C:\WINDOWS\SYSTEM32\WINSPOOL.DRV
[0725/075734.759:ERROR:process_memory_win.cc(73)] ReadMemory at 0x7ffdd7ee0000 of 64 bytes failed: Only part of a ReadProcessMemory or WriteProcessMemory request was completed. (0x12B)
[0725/075734.759:WARNING:pe_image_reader.cc(340)] could not read dos header from C:\WINDOWS\System32\kernel.appcore.dll
[0725/075734.759:ERROR:process_memory_win.cc(73)] ReadMemory at 0x7ffdd8c00000 of 64 bytes failed: Only part of a ReadProcessMemory or WriteProcessMemory request was completed. (0x12B)
[0725/075734.759:WARNING:pe_image_reader.cc(340)] could not read dos header from C:\WINDOWS\System32\bcrypt.dll
[0725/075734.760:ERROR:process_memory_win.cc(73)] ReadMemory at 0x7ffdc6c90000 of 64 bytes failed: Only part of a ReadProcessMemory or WriteProcessMemory request was completed. (0x12B)
[0725/075734.760:WARNING:pe_image_reader.cc(340)] could not read dos header from C:\WINDOWS\SYSTEM32\dbghelp.dll
[0725/075734.760:ERROR:process_memory_win.cc(73)] ReadMemory at 0x7ffdd0ff0000 of 64 bytes failed: Only part of a ReadProcessMemory or WriteProcessMemory request was completed. (0x12B)
[0725/075734.760:WARNING:pe_image_reader.cc(340)] could not read dos header from C:\WINDOWS\SYSTEM32\WINHTTP.dll
[0725/075734.760:ERROR:process_memory_win.cc(73)] ReadMemory at 0x7ffdd0710000 of 64 bytes failed: Only part of a ReadProcessMemory or WriteProcessMemory request was completed. (0x12B)
[0725/075734.760:WARNING:pe_image_reader.cc(340)] could not read dos header from C:\WINDOWS\SYSTEM32\dhcpcsvc.DLL
[0725/075734.760:ERROR:process_memory_win.cc(73)] ReadMemory at 0x7ffdd9f90000 of 64 bytes failed: Only part of a ReadProcessMemory or WriteProcessMemory request was completed. (0x12B)
[0725/075734.760:WARNING:pe_image_reader.cc(340)] could not read dos header from C:\WINDOWS\System32\NSI.dll
[0725/075734.760:ERROR:process_memory_win.cc(73)] ReadMemory at 0x7ffdd5140000 of 64 bytes failed: Only part of a ReadProcessMemory or WriteProcessMemory request was completed. (0x12B)
[0725/075734.760:WARNING:pe_image_reader.cc(340)] could not read dos header from C:\WINDOWS\SYSTEM32\WINMMBASE.dll
[0725/075734.760:ERROR:process_memory_win.cc(73)] ReadMemory at 0x7ffdd80a0000 of 64 bytes failed: Only part of a ReadProcessMemory or WriteProcessMemory request was completed. (0x12B)
[0725/075734.760:WARNING:pe_image_reader.cc(340)] could not read dos header from C:\WINDOWS\System32\cfgmgr32.dll
[0725/075734.760:ERROR:process_memory_win.cc(73)] ReadMemory at 0x7ffdd47d0000 of 64 bytes failed: Only part of a ReadProcessMemory or WriteProcessMemory request was completed. (0x12B)
[0725/075734.760:WARNING:pe_image_reader.cc(340)] could not read dos header from C:\WINDOWS\SYSTEM32\PROPSYS.dll
[0725/075734.761:ERROR:process_memory_win.cc(73)] ReadMemory at 0x7ffddac10000 of 64 bytes failed: Only part of a ReadProcessMemory or WriteProcessMemory request was completed. (0x12B)
[0725/075734.761:WARNING:pe_image_reader.cc(340)] could not read dos header from C:\WINDOWS\System32\shcore.dll
[0725/075734.761:ERROR:process_memory_win.cc(73)] ReadMemory at 0x7ffdd7d70000 of 64 bytes failed: Only part of a ReadProcessMemory or WriteProcessMemory request was completed. (0x12B)
[0725/075734.761:WARNING:pe_image_reader.cc(340)] could not read dos header from C:\WINDOWS\SYSTEM32\SSPICLI.DLL
[0725/075734.761:ERROR:process_memory_win.cc(73)] ReadMemory at 0x7ffdd7820000 of 64 bytes failed: Only part of a ReadProcessMemory or WriteProcessMemory request was completed. (0x12B)
[0725/075734.761:WARNING:pe_image_reader.cc(340)] could not read dos header from C:\WINDOWS\SYSTEM32\CRYPTBASE.DLL
[0725/075734.761:ERROR:process_memory_win.cc(73)] ReadMemory at 0x7ff72e2a0000 of 64 bytes failed: Only part of a ReadProcessMemory or WriteProcessMemory request was completed. (0x12B)
[0725/075734.761:WARNING:pe_image_reader.cc(340)] could not read dos header from C:\Program Files (x86)\Google\Chrome\Application\chrome.exe
[0725/075734.761:ERROR:process_memory_win.cc(73)] ReadMemory at 0x7ffddafc0000 of 64 bytes failed: Only part of a ReadProcessMemory or WriteProcessMemory request was completed. (0x12B)
[0725/075734.761:WARNING:pe_image_reader.cc(340)] could not read dos header from C:\WINDOWS\SYSTEM32\ntdll.dll
[0725/075734.761:ERROR:process_memory_win.cc(73)] ReadMemory at 0x7ffdda9c0000 of 64 bytes failed: Only part of a ReadProcessMemory or WriteProcessMemory request was completed. (0x12B)
[0725/075734.761:WARNING:pe_image_reader.cc(340)] could not read dos header from C:\WINDOWS\System32\KERNEL32.DLL
[0725/075734.761:ERROR:process_memory_win.cc(73)] ReadMemory at 0x7ffdd8cc0000 of 64 bytes failed: Only part of a ReadProcessMemory or WriteProcessMemory request was completed. (0x12B)
[0725/075734.761:WARNING:pe_image_reader.cc(340)] could not read dos header from C:\WINDOWS\System32\KERNELBASE.dll
[0725/075734.762:ERROR:process_memory_win.cc(73)] ReadMemory at 0x7ffd8b510000 of 64 bytes failed: Only part of a ReadProcessMemory or WriteProcessMemory request was completed. (0x12B)
[0725/075734.762:WARNING:pe_image_reader.cc(340)] could not read dos header from C:\Program Files (x86)\Google\Chrome\Application\84.0.4147.89\chrome_elf.dll
[0725/075734.762:ERROR:process_memory_win.cc(73)] ReadMemory at 0x7ffdcf890000 of 64 bytes failed: Only part of a ReadProcessMemory or WriteProcessMemory request was completed. (0x12B)
[0725/075734.762:WARNING:pe_image_reader.cc(340)] could not read dos header from C:\WINDOWS\SYSTEM32\VERSION.dll
[0725/075734.762:ERROR:process_memory_win.cc(73)] ReadMemory at 0x7ffddad40000 of 64 bytes failed: Only part of a ReadProcessMemory or WriteProcessMemory request was completed. (0x12B)
[0725/075734.762:WARNING:pe_image_reader.cc(340)] could not read dos header from C:\WINDOWS\System32\msvcrt.dll
[0725/075734.762:ERROR:process_memory_win.cc(73)] ReadMemory at 0x7ffdd80f0000 of 64 bytes failed: Only part of a ReadProcessMemory or WriteProcessMemory request was completed. (0x12B)
[0725/075734.762:WARNING:pe_image_reader.cc(340)] could not read dos header from C:\WINDOWS\System32\bcryptPrimitives.dll
[0725/075734.762:ERROR:process_memory_win.cc(73)] ReadMemory at 0x7ffdda0a0000 of 64 bytes failed: Only part of a ReadProcessMemory or WriteProcessMemory request was completed. (0x12B)
[0725/075734.762:WARNING:pe_image_reader.cc(340)] could not read dos header from C:\WINDOWS\System32\ADVAPI32.dll
[0725/075734.762:ERROR:process_memory_win.cc(73)] ReadMemory at 0x7ffdda000000 of 64 bytes failed: Only part of a ReadProcessMemory or WriteProcessMemory request was completed. (0x12B)
[0725/075734.762:WARNING:pe_image_reader.cc(340)] could not read dos header from C:\WINDOWS\System32\sechost.dll
[0725/075734.762:ERROR:process_memory_win.cc(73)] ReadMemory at 0x7ffddade0000 of 64 bytes failed: Only part of a ReadProcessMemory or WriteProcessMemory request was completed. (0x12B)
[0725/075734.763:WARNING:pe_image_reader.cc(340)] could not read dos header from C:\WINDOWS\System32\RPCRT4.dll
[0725/075734.763:ERROR:process_memory_win.cc(73)] ReadMemory at 0x7ffd7fed0000 of 64 bytes failed: Only part of a ReadProcessMemory or WriteProcessMemory request was completed. (0x12B)
[0725/075734.763:WARNING:pe_image_reader.cc(340)] could not read dos header from C:\Program Files (x86)\Google\Chrome\Application\84.0.4147.89\chrome.dll
[0725/075734.763:ERROR:process_memory_win.cc(73)] ReadMemory at 0x7ffdd9410000 of 64 bytes failed: Only part of a ReadProcessMemory or WriteProcessMemory request was completed. (0x12B)
[0725/075734.763:WARNING:pe_image_reader.cc(340)] could not read dos header from C:\WINDOWS\System32\WS2_32.dll
[0725/075734.763:ERROR:process_memory_win.cc(73)] ReadMemory at 0x7ffdd9950000 of 64 bytes failed: Only part of a ReadProcessMemory or WriteProcessMemory request was completed. (0x12B)
[0725/075734.763:WARNING:pe_image_reader.cc(340)] could not read dos header from C:\WINDOWS\System32\OLEAUT32.dll
[0725/075734.763:ERROR:process_memory_win.cc(73)] ReadMemory at 0x7ffdd8ab0000 of 64 bytes failed: Only part of a ReadProcessMemory or WriteProcessMemory request was completed. (0x12B)
[0725/075734.763:WARNING:pe_image_reader.cc(340)] could not read dos header from C:\WINDOWS\System32\msvcp_win.dll
[0725/075734.763:ERROR:process_memory_win.cc(73)] ReadMemory at 0x7ffdd8f70000 of 64 bytes failed: Only part of a ReadProcessMemory or WriteProcessMemory request was completed. (0x12B)
[0725/075734.763:WARNING:pe_image_reader.cc(340)] could not read dos header from C:\WINDOWS\System32\ucrtbase.dll
[0725/075734.763:ERROR:process_memory_win.cc(73)] ReadMemory at 0x7ffdd90c0000 of 64 bytes failed: Only part of a ReadProcessMemory or WriteProcessMemory request was completed. (0x12B)
[0725/075734.763:WARNING:pe_image_reader.cc(340)] could not read dos header from C:\WINDOWS\System32\combase.dll
[0725/075734.763:ERROR:process_memory_win.cc(73)] ReadMemory at 0x7ffdd8c30000 of 64 bytes failed: Only part of a ReadProcessMemory or WriteProcessMemory request was completed. (0x12B)
[0725/075734.763:WARNING:pe_image_reader.cc(340)] could not read dos header from C:\WINDOWS\System32\WINTRUST.dll
[0725/075734.763:ERROR:process_memory_win.cc(73)] ReadMemory at 0x7ffdd7e90000 of 64 bytes failed: Only part of a ReadProcessMemory or WriteProcessMemory request was completed. (0x12B)
[0725/075734.763:WARNING:pe_image_reader.cc(340)] could not read dos header from C:\WINDOWS\System32\MSASN1.dll
[0725/075734.763:ERROR:process_memory_win.cc(73)] ReadMemory at 0x7ffdd7f50000 of 64 bytes failed: Only part of a ReadProcessMemory or WriteProcessMemory request was completed. (0x12B)
[0725/075734.764:WARNING:pe_image_reader.cc(340)] could not read dos header from C:\WINDOWS\System32\CRYPT32.dll
[0725/075734.764:ERROR:process_memory_win.cc(73)] ReadMemory at 0x7ffdd73c0000 of 64 bytes failed: Only part of a ReadProcessMemory or WriteProcessMemory request was completed. (0x12B)
[0725/075734.764:WARNING:pe_image_reader.cc(340)] could not read dos header from C:\WINDOWS\SYSTEM32\IPHLPAPI.DLL
[0725/075734.764:ERROR:process_memory_win.cc(73)] ReadMemory at 0x7ffdd5170000 of 64 bytes failed: Only part of a ReadProcessMemory or WriteProcessMemory request was completed. (0x12B)
[0725/075734.764:WARNING:pe_image_reader.cc(340)] could not read dos header from C:\WINDOWS\SYSTEM32\WINMM.dll
[0725/075734.764:ERROR:process_memory_win.cc(73)] ReadMemory at 0x7ffdc6c80000 of 64 bytes failed: Only part of a ReadProcessMemory or WriteProcessMemory request was completed. (0x12B)
[0725/075734.764:WARNING:pe_image_reader.cc(340)] could not read dos header from C:\WINDOWS\SYSTEM32\Secur32.dll
[0725/075734.764:ERROR:process_memory_win.cc(73)] ReadMemory at 0x7ffdd7da0000 of 64 bytes failed: Only part of a ReadProcessMemory or WriteProcessMemory request was completed. (0x12B)
[0725/075734.764:WARNING:pe_image_reader.cc(340)] could not read dos header from C:\WINDOWS\SYSTEM32\USERENV.dll
[0725/075734.764:ERROR:process_memory_win.cc(73)] ReadMemory at 0x7ffdd7eb0000 of 64 bytes failed: Only part of a ReadProcessMemory or WriteProcessMemory request was completed. (0x12B)
[0725/075734.764:WARNING:pe_image_reader.cc(340)] could not read dos header from C:\WINDOWS\System32\profapi.dll
[0725/075734.764:ERROR:process_memory_win.cc(73)] ReadMemory at 0x7ffdb6dd0000 of 64 bytes failed: Only part of a ReadProcessMemory or WriteProcessMemory request was completed. (0x12B)
[0725/075734.764:WARNING:pe_image_reader.cc(340)] could not read dos header from C:\WINDOWS\SYSTEM32\UIAutomationCore.DLL
[0725/075734.764:ERROR:process_memory_win.cc(73)] ReadMemory at 0x7ffdc0dd0000 of 64 bytes failed: Only part of a ReadProcessMemory or WriteProcessMemory request was completed. (0x12B)
[0725/075734.764:WARNING:pe_image_reader.cc(340)] could not read dos header from C:\WINDOWS\SYSTEM32\DWrite.dll
[0725/075734.764:ERROR:process_memory_win.cc(73)] ReadMemory at 0x7ffdc0120000 of 64 bytes failed: Only part of a ReadProcessMemory or WriteProcessMemory request was completed. (0x12B)
[0725/075734.764:WARNING:pe_image_reader.cc(340)] could not read dos header from C:\WINDOWS\SYSTEM32\WINSPOOL.DRV
[0725/075734.764:ERROR:process_memory_win.cc(73)] ReadMemory at 0x7ffdd7ee0000 of 64 bytes failed: Only part of a ReadProcessMemory or WriteProcessMemory request was completed. (0x12B)
[0725/075734.764:WARNING:pe_image_reader.cc(340)] could not read dos header from C:\WINDOWS\System32\kernel.appcore.dll
[0725/075734.765:ERROR:process_memory_win.cc(73)] ReadMemory at 0x7ffdd8c00000 of 64 bytes failed: Only part of a ReadProcessMemory or WriteProcessMemory request was completed. (0x12B)
[0725/075734.765:WARNING:pe_image_reader.cc(340)] could not read dos header from C:\WINDOWS\System32\bcrypt.dll
[0725/075734.765:ERROR:process_memory_win.cc(73)] ReadMemory at 0x7ffdc6c90000 of 64 bytes failed: Only part of a ReadProcessMemory or WriteProcessMemory request was completed. (0x12B)
[0725/075734.765:WARNING:pe_image_reader.cc(340)] could not read dos header from C:\WINDOWS\SYSTEM32\dbghelp.dll
[0725/075734.765:ERROR:process_memory_win.cc(73)] ReadMemory at 0x7ffdd0ff0000 of 64 bytes failed: Only part of a ReadProcessMemory or WriteProcessMemory request was completed. (0x12B)
[0725/075734.765:WARNING:pe_image_reader.cc(340)] could not read dos header from C:\WINDOWS\SYSTEM32\WINHTTP.dll
[0725/075734.765:ERROR:process_memory_win.cc(73)] ReadMemory at 0x7ffdd0710000 of 64 bytes failed: Only part of a ReadProcessMemory or WriteProcessMemory request was completed. (0x12B)
[0725/075734.765:WARNING:pe_image_reader.cc(340)] could not read dos header from C:\WINDOWS\SYSTEM32\dhcpcsvc.DLL
[0725/075734.765:ERROR:process_memory_win.cc(73)] ReadMemory at 0x7ffdd9f90000 of 64 bytes failed: Only part of a ReadProcessMemory or WriteProcessMemory request was completed. (0x12B)
[0725/075734.765:WARNING:pe_image_reader.cc(340)] could not read dos header from C:\WINDOWS\System32\NSI.dll
[0725/075734.765:ERROR:process_memory_win.cc(73)] ReadMemory at 0x7ffdd5140000 of 64 bytes failed: Only part of a ReadProcessMemory or WriteProcessMemory request was completed. (0x12B)
[0725/075734.765:WARNING:pe_image_reader.cc(340)] could not read dos header from C:\WINDOWS\SYSTEM32\WINMMBASE.dll
[0725/075734.765:ERROR:process_memory_win.cc(73)] ReadMemory at 0x7ffdd80a0000 of 64 bytes failed: Only part of a ReadProcessMemory or WriteProcessMemory request was completed. (0x12B)
[0725/075734.765:WARNING:pe_image_reader.cc(340)] could not read dos header from C:\WINDOWS\System32\cfgmgr32.dll
[0725/075734.765:ERROR:process_memory_win.cc(73)] ReadMemory at 0x7ffdd47d0000 of 64 bytes failed: Only part of a ReadProcessMemory or WriteProcessMemory request was completed. (0x12B)
[0725/075734.765:WARNING:pe_image_reader.cc(340)] could not read dos header from C:\WINDOWS\SYSTEM32\PROPSYS.dll
[0725/075734.765:ERROR:process_memory_win.cc(73)] ReadMemory at 0x7ffddac10000 of 64 bytes failed: Only part of a ReadProcessMemory or WriteProcessMemory request was completed. (0x12B)
[0725/075734.765:WARNING:pe_image_reader.cc(340)] could not read dos header from C:\WINDOWS\System32\shcore.dll
[0725/075734.765:ERROR:process_memory_win.cc(73)] ReadMemory at 0x7ffdd7d70000 of 64 bytes failed: Only part of a ReadProcessMemory or WriteProcessMemory request was completed. (0x12B)
[0725/075734.765:WARNING:pe_image_reader.cc(340)] could not read dos header from C:\WINDOWS\SYSTEM32\SSPICLI.DLL
[0725/075734.766:ERROR:process_memory_win.cc(73)] ReadMemory at 0x7ffdd7820000 of 64 bytes failed: Only part of a ReadProcessMemory or WriteProcessMemory request was completed. (0x12B)
[0725/075734.766:WARNING:pe_image_reader.cc(340)] could not read dos header from C:\WINDOWS\SYSTEM32\CRYPTBASE.DLL
[0725/075734.782:ERROR:process_memory_win.cc(73)] ReadMemory at 0x8b485e8000 of 98304 bytes failed: Only part of a ReadProcessMemory or WriteProcessMemory request was completed. (0x12B)
[0725/075734.783:ERROR:process_memory_win.cc(73)] ReadMemory at 0x8b48dfd000 of 12288 bytes failed: Only part of a ReadProcessMemory or WriteProcessMemory request was completed. (0x12B)
[0725/075734.783:ERROR:process_memory_win.cc(73)] ReadMemory at 0x8b49dfd000 of 12288 bytes failed: Only part of a ReadProcessMemory or WriteProcessMemory request was completed. (0x12B)
[0725/075734.783:ERROR:process_memory_win.cc(73)] ReadMemory at 0x8b4a5fc000 of 16384 bytes failed: Only part of a ReadProcessMemory or WriteProcessMemory request was completed. (0x12B)
[0725/075734.783:ERROR:process_memory_win.cc(73)] ReadMemory at 0x8b4adfe000 of 8192 bytes failed: Only part of a ReadProcessMemory or WriteProcessMemory request was completed. (0x12B)
[0725/075734.783:ERROR:process_memory_win.cc(73)] ReadMemory at 0x8b4b5fc000 of 16384 bytes failed: Only part of a ReadProcessMemory or WriteProcessMemory request was completed. (0x12B)
[0725/075734.784:ERROR:process_memory_win.cc(73)] ReadMemory at 0x8b4bdfb000 of 20480 bytes failed: Only part of a ReadProcessMemory or WriteProcessMemory request was completed. (0x12B)
[0725/075734.784:ERROR:process_memory_win.cc(73)] ReadMemory at 0x8b4c5fd000 of 12288 bytes failed: Only part of a ReadProcessMemory or WriteProcessMemory request was completed. (0x12B)
[0725/075734.784:ERROR:process_memory_win.cc(73)] ReadMemory at 0x8b4d5fb000 of 20480 bytes failed: Only part of a ReadProcessMemory or WriteProcessMemory request was completed. (0x12B)
[0725/075734.784:ERROR:process_memory_win.cc(73)] ReadMemory at 0x8b4ddfb000 of 20480 bytes failed: Only part of a ReadProcessMemory or WriteProcessMemory request was completed. (0x12B)
[0725/075734.784:ERROR:process_memory_win.cc(73)] ReadMemory at 0x8b4e5fc000 of 16384 bytes failed: Only part of a ReadProcessMemory or WriteProcessMemory request was completed. (0x12B)
[0725/075734.784:ERROR:process_memory_win.cc(73)] ReadMemory at 0x8b4edfd000 of 12288 bytes failed: Only part of a ReadProcessMemory or WriteProcessMemory request was completed. (0x12B)
[0725/075734.785:ERROR:process_memory_win.cc(73)] ReadMemory at 0x8b495fd000 of 12288 bytes failed: Only part of a ReadProcessMemory or WriteProcessMemory request was completed. (0x12B)
[0725/075734.785:ERROR:process_memory_win.cc(73)] ReadMemory at 0x8b4cdfd000 of 12288 bytes failed: Only part of a ReadProcessMemory or WriteProcessMemory request was completed. (0x12B)
[0725/075734.785:ERROR:process_memory_win.cc(73)] ReadMemory at 0x8b47c85000 of 852 bytes failed: Only part of a ReadProcessMemory or WriteProcessMemory request was completed. (0x12B)
[0725/075734.785:ERROR:process_memory_win.cc(73)] ReadMemory at 0x8b47c86000 of 6024 bytes failed: Only part of a ReadProcessMemory or WriteProcessMemory request was completed. (0x12B)
[0725/075734.786:ERROR:process_memory_win.cc(73)] ReadMemory at 0x8b47c88000 of 6024 bytes failed: Only part of a ReadProcessMemory or WriteProcessMemory request was completed. (0x12B)
[0725/075734.786:ERROR:process_memory_win.cc(73)] ReadMemory at 0x8b47c8c000 of 6024 bytes failed: Only part of a ReadProcessMemory or WriteProcessMemory request was completed. (0x12B)
[0725/075734.786:ERROR:process_memory_win.cc(73)] ReadMemory at 0x8b47c8e000 of 6024 bytes failed: Only part of a ReadProcessMemory or WriteProcessMemory request was completed. (0x12B)
[0725/075734.786:ERROR:process_memory_win.cc(73)] ReadMemory at 0x8b47c90000 of 6024 bytes failed: Only part of a ReadProcessMemory or WriteProcessMemory request was completed. (0x12B)
[0725/075734.786:ERROR:process_memory_win.cc(73)] ReadMemory at 0x8b47c92000 of 6024 bytes failed: Only part of a ReadProcessMemory or WriteProcessMemory request was completed. (0x12B)
[0725/075734.786:ERROR:process_memory_win.cc(73)] ReadMemory at 0x8b47c94000 of 6024 bytes failed: Only part of a ReadProcessMemory or WriteProcessMemory request was completed. (0x12B)
[0725/075734.787:ERROR:process_memory_win.cc(73)] ReadMemory at 0x8b47c96000 of 6024 bytes failed: Only part of a ReadProcessMemory or WriteProcessMemory request was completed. (0x12B)
[0725/075734.787:ERROR:process_memory_win.cc(73)] ReadMemory at 0x8b47c9a000 of 6024 bytes failed: Only part of a ReadProcessMemory or WriteProcessMemory request was completed. (0x12B)
[0725/075734.787:ERROR:process_memory_win.cc(73)] ReadMemory at 0x8b47c9c000 of 6024 bytes failed: Only part of a ReadProcessMemory or WriteProcessMemory request was completed. (0x12B)
[0725/075734.787:ERROR:process_memory_win.cc(73)] ReadMemory at 0x8b47c9e000 of 6024 bytes failed: Only part of a ReadProcessMemory or WriteProcessMemory request was completed. (0x12B)
[0725/075734.787:ERROR:process_memory_win.cc(73)] ReadMemory at 0x8b47cae000 of 6024 bytes failed: Only part of a ReadProcessMemory or WriteProcessMemory request was completed. (0x12B)
[0725/075734.788:ERROR:process_memory_win.cc(73)] ReadMemory at 0x8b47cb0000 of 6024 bytes failed: Only part of a ReadProcessMemory or WriteProcessMemory request was completed. (0x12B)
[0725/075734.788:ERROR:process_memory_win.cc(73)] ReadMemory at 0x8b47cb2000 of 6024 bytes failed: Only part of a ReadProcessMemory or WriteProcessMemory request was completed. (0x12B)
[0725/075734.788:ERROR:process_memory_win.cc(73)] ReadMemory at 0x258ab8e0000 of 384 bytes failed: Only part of a ReadProcessMemory or WriteProcessMemory request was completed. (0x12B)
[0725/075734.788:ERROR:process_memory_win.cc(73)] ReadMemory at 0x258ab8e0fe0 of 12914 bytes failed: Only part of a ReadProcessMemory or WriteProcessMemory request was completed. (0x12B)
[0725/075734.788:ERROR:process_memory_win.cc(73)] ReadMemory at 0x258ab8e4260 of 1012 bytes failed: Only part of a ReadProcessMemory or WriteProcessMemory request was completed. (0x12B)
[0725/075734.788:ERROR:process_memory_win.cc(73)] ReadMemory at 0x258ab8e48a8 of 118 bytes failed: Only part of a ReadProcessMemory or WriteProcessMemory request was completed. (0x12B)
[0725/075734.789:ERROR:process_memory_win.cc(73)] ReadMemory at 0x258ab8e4920 of 848 bytes failed: Only part of a ReadProcessMemory or WriteProcessMemory request was completed. (0x12B)
[0725/075734.789:ERROR:process_memory_win.cc(73)] ReadMemory at 0x258ab8e4c72 of 118 bytes failed: Only part of a ReadProcessMemory or WriteProcessMemory request was completed. (0x12B)
[0725/075734.789:ERROR:process_memory_win.cc(73)] ReadMemory at 0x258ab8e4cea of 100 bytes failed: Only part of a ReadProcessMemory or WriteProcessMemory request was completed. (0x12B)
[0725/075734.789:ERROR:process_memory_win.cc(73)] ReadMemory at 0x258ab8e4d60 of 58 bytes failed: Only part of a ReadProcessMemory or WriteProcessMemory request was completed. (0x12B)
[0725/075734.789:ERROR:process_memory_win.cc(73)] ReadMemory at 0x258ab8e4e60 of 132 bytes failed: Only part of a ReadProcessMemory or WriteProcessMemory request was completed. (0x12B)
[0725/075734.789:ERROR:process_memory_win.cc(73)] ReadMemory at 0x258ab8e4ff0 of 132 bytes failed: Only part of a ReadProcessMemory or WriteProcessMemory request was completed. (0x12B)
[0725/075734.789:ERROR:process_memory_win.cc(73)] ReadMemory at 0x258ab8e51b0 of 124 bytes failed: Only part of a ReadProcessMemory or WriteProcessMemory request was completed. (0x12B)
[0725/075734.789:ERROR:process_memory_win.cc(73)] ReadMemory at 0x258ab8e5590 of 132 bytes failed: Only part of a ReadProcessMemory or WriteProcessMemory request was completed. (0x12B)
[0725/075734.790:ERROR:process_memory_win.cc(73)] ReadMemory at 0x258ab8e5720 of 64 bytes failed: Only part of a ReadProcessMemory or WriteProcessMemory request was completed. (0x12B)
[0725/075734.790:ERROR:process_memory_win.cc(73)] ReadMemory at 0x258ab8e5850 of 132 bytes failed: Only part of a ReadProcessMemory or WriteProcessMemory request was completed. (0x12B)
[0725/075734.790:ERROR:process_memory_win.cc(73)] ReadMemory at 0x258ab8e5b80 of 132 bytes failed: Only part of a ReadProcessMemory or WriteProcessMemory request was completed. (0x12B)
[0725/075734.790:ERROR:process_memory_win.cc(73)] ReadMemory at 0x258ab8e5d10 of 68 bytes failed: Only part of a ReadProcessMemory or WriteProcessMemory request was completed. (0x12B)
[0725/075734.790:ERROR:process_memory_win.cc(73)] ReadMemory at 0x258ab8e6ea0 of 132 bytes failed: Only part of a ReadProcessMemory or WriteProcessMemory request was completed. (0x12B)
[0725/075734.790:ERROR:process_memory_win.cc(73)] ReadMemory at 0x258ab8e6fd0 of 152 bytes failed: Only part of a ReadProcessMemory or WriteProcessMemory request was completed. (0x12B)
[0725/075734.791:ERROR:process_memory_win.cc(73)] ReadMemory at 0x258ab8eb040 of 62 bytes failed: Only part of a ReadProcessMemory or WriteProcessMemory request was completed. (0x12B)
[0725/075734.791:ERROR:process_memory_win.cc(73)] ReadMemory at 0x258ab8eb170 of 132 bytes failed: Only part of a ReadProcessMemory or WriteProcessMemory request was completed. (0x12B)
[0725/075734.791:ERROR:process_memory_win.cc(73)] ReadMemory at 0x258ab8eb300 of 60 bytes failed: Only part of a ReadProcessMemory or WriteProcessMemory request was completed. (0x12B)
[0725/075734.791:ERROR:process_memory_win.cc(73)] ReadMemory at 0x258ab8efb20 of 64 bytes failed: Only part of a ReadProcessMemory or WriteProcessMemory request was completed. (0x12B)
[0725/075734.791:ERROR:process_memory_win.cc(73)] ReadMemory at 0x258ab8efcb0 of 62 bytes failed: Only part of a ReadProcessMemory or WriteProcessMemory request was completed. (0x12B)
[0725/075734.791:ERROR:process_memory_win.cc(73)] ReadMemory at 0x258ab8f01b0 of 60 bytes failed: Only part of a ReadProcessMemory or WriteProcessMemory request was completed. (0x12B)
[0725/075734.791:ERROR:process_memory_win.cc(73)] ReadMemory at 0x258ab8f034a of 512 bytes failed: Only part of a ReadProcessMemory or WriteProcessMemory request was completed. (0x12B)
[0725/075734.792:ERROR:process_memory_win.cc(73)] ReadMemory at 0x258ab8f3520 of 80 bytes failed: Only part of a ReadProcessMemory or WriteProcessMemory request was completed. (0x12B)
[0725/075734.792:ERROR:process_memory_win.cc(73)] ReadMemory at 0x258ab8fafc0 of 132 bytes failed: Only part of a ReadProcessMemory or WriteProcessMemory request was completed. (0x12B)
[0725/075734.792:ERROR:process_memory_win.cc(73)] ReadMemory at 0x258ab8fb380 of 132 bytes failed: Only part of a ReadProcessMemory or WriteProcessMemory request was completed. (0x12B)
[0725/075734.792:ERROR:process_memory_win.cc(73)] ReadMemory at 0x258ab8fb5a0 of 132 bytes failed: Only part of a ReadProcessMemory or WriteProcessMemory request was completed. (0x12B)
[0725/075734.792:ERROR:process_memory_win.cc(73)] ReadMemory at 0x258ab8fba60 of 132 bytes failed: Only part of a ReadProcessMemory or WriteProcessMemory request was completed. (0x12B)
[0725/075734.792:ERROR:process_memory_win.cc(73)] ReadMemory at 0x258ab8fc8a0 of 62 bytes failed: Only part of a ReadProcessMemory or WriteProcessMemory request was completed. (0x12B)
[0725/075734.792:ERROR:process_memory_win.cc(73)] ReadMemory at 0x258ab8fc940 of 64 bytes failed: Only part of a ReadProcessMemory or WriteProcessMemory request was completed. (0x12B)
[0725/075734.793:ERROR:process_memory_win.cc(73)] ReadMemory at 0x258ab8fcd00 of 60 bytes failed: Only part of a ReadProcessMemory or WriteProcessMemory request was completed. (0x12B)
[0725/075734.793:ERROR:process_memory_win.cc(73)] ReadMemory at 0x258ab8fcf30 of 62 bytes failed: Only part of a ReadProcessMemory or WriteProcessMemory request was completed. (0x12B)
[0725/075734.793:ERROR:process_memory_win.cc(73)] ReadMemory at 0x258ab8fd0c0 of 64 bytes failed: Only part of a ReadProcessMemory or WriteProcessMemory request was completed. (0x12B)
[0725/075734.793:ERROR:process_memory_win.cc(73)] ReadMemory at 0x258ab8fd5c0 of 66 bytes failed: Only part of a ReadProcessMemory or WriteProcessMemory request was completed. (0x12B)
[0725/075734.793:ERROR:process_memory_win.cc(73)] ReadMemory at 0x258ab8fef10 of 64 bytes failed: Only part of a ReadProcessMemory or WriteProcessMemory request was completed. (0x12B)
[0725/075734.793:ERROR:process_memory_win.cc(73)] ReadMemory at 0x258ab8fef60 of 60 bytes failed: Only part of a ReadProcessMemory or WriteProcessMemory request was completed. (0x12B)
[0725/075734.793:ERROR:process_memory_win.cc(73)] ReadMemory at 0x258ab8fefb0 of 66 bytes failed: Only part of a ReadProcessMemory or WriteProcessMemory request was completed. (0x12B)
[0725/075734.793:ERROR:process_memory_win.cc(73)] ReadMemory at 0x258ab8ff000 of 64 bytes failed: Only part of a ReadProcessMemory or WriteProcessMemory request was completed. (0x12B)
[0725/075734.794:ERROR:process_memory_win.cc(73)] ReadMemory at 0x258ab8ff050 of 60 bytes failed: Only part of a ReadProcessMemory or WriteProcessMemory request was completed. (0x12B)
[0725/075734.794:ERROR:process_memory_win.cc(73)] ReadMemory at 0x258ab8ff0f0 of 62 bytes failed: Only part of a ReadProcessMemory or WriteProcessMemory request was completed. (0x12B)
[0725/075734.794:ERROR:process_memory_win.cc(73)] ReadMemory at 0x258ab8ff140 of 64 bytes failed: Only part of a ReadProcessMemory or WriteProcessMemory request was completed. (0x12B)
[0725/075734.794:ERROR:process_memory_win.cc(73)] ReadMemory at 0x258ab8ff190 of 58 bytes failed: Only part of a ReadProcessMemory or WriteProcessMemory request was completed. (0x12B)
[0725/075734.794:ERROR:process_memory_win.cc(73)] ReadMemory at 0x258ab8ff230 of 62 bytes failed: Only part of a ReadProcessMemory or WriteProcessMemory request was completed. (0x12B)
[0725/075734.794:ERROR:process_memory_win.cc(73)] ReadMemory at 0x258ab8ff280 of 62 bytes failed: Only part of a ReadProcessMemory or WriteProcessMemory request was completed. (0x12B)
[0725/075734.795:ERROR:process_memory_win.cc(73)] ReadMemory at 0x258ab8ff320 of 62 bytes failed: Only part of a ReadProcessMemory or WriteProcessMemory request was completed. (0x12B)
[0725/075734.795:ERROR:process_memory_win.cc(73)] ReadMemory at 0x258ab8ff370 of 64 bytes failed: Only part of a ReadProcessMemory or WriteProcessMemory request was completed. (0x12B)
[0725/075734.795:ERROR:process_memory_win.cc(73)] ReadMemory at 0x258ab8ff3c0 of 62 bytes failed: Only part of a ReadProcessMemory or WriteProcessMemory request was completed. (0x12B)
[0725/075734.795:ERROR:process_memory_win.cc(73)] ReadMemory at 0x258ab8ff460 of 60 bytes failed: Only part of a ReadProcessMemory or WriteProcessMemory request was completed. (0x12B)
[0725/075734.795:ERROR:process_memory_win.cc(73)] ReadMemory at 0x258ab8ff4b0 of 64 bytes failed: Only part of a ReadProcessMemory or WriteProcessMemory request was completed. (0x12B)
[0725/075734.795:ERROR:process_memory_win.cc(73)] ReadMemory at 0x258ab8ff550 of 60 bytes failed: Only part of a ReadProcessMemory or WriteProcessMemory request was completed. (0x12B)
[0725/075734.796:ERROR:process_memory_win.cc(73)] ReadMemory at 0x258ab8ff5a0 of 62 bytes failed: Only part of a ReadProcessMemory or WriteProcessMemory request was completed. (0x12B)
[0725/075734.796:ERROR:process_memory_win.cc(73)] ReadMemory at 0x258ab8ff5f0 of 62 bytes failed: Only part of a ReadProcessMemory or WriteProcessMemory request was completed. (0x12B)
[0725/075734.796:ERROR:process_memory_win.cc(73)] ReadMemory at 0x258ab9016a0 of 132 bytes failed: Only part of a ReadProcessMemory or WriteProcessMemory request was completed. (0x12B)
[0725/075734.796:ERROR:process_memory_win.cc(73)] ReadMemory at 0x258ab9018b0 of 132 bytes failed: Only part of a ReadProcessMemory or WriteProcessMemory request was completed. (0x12B)
[0725/075734.796:ERROR:process_memory_win.cc(73)] ReadMemory at 0x258ab902170 of 132 bytes failed: Only part of a ReadProcessMemory or WriteProcessMemory request was completed. (0x12B)
[0725/075734.796:ERROR:process_memory_win.cc(73)] ReadMemory at 0x258ab9022a0 of 132 bytes failed: Only part of a ReadProcessMemory or WriteProcessMemory request was completed. (0x12B)
[0725/075734.796:ERROR:process_memory_win.cc(73)] ReadMemory at 0x258ab902a80 of 144 bytes failed: Only part of a ReadProcessMemory or WriteProcessMemory request was completed. (0x12B)
[0725/075734.796:ERROR:process_memory_win.cc(73)] ReadMemory at 0x258ab904040 of 132 bytes failed: Only part of a ReadProcessMemory or WriteProcessMemory request was completed. (0x12B)
[0725/075734.797:ERROR:process_memory_win.cc(73)] ReadMemory at 0x258ab904170 of 132 bytes failed: Only part of a ReadProcessMemory or WriteProcessMemory request was completed. (0x12B)
[0725/075734.797:ERROR:process_memory_win.cc(73)] ReadMemory at 0x258ab904830 of 54 bytes failed: Only part of a ReadProcessMemory or WriteProcessMemory request was completed. (0x12B)
[0725/075734.797:ERROR:process_memory_win.cc(73)] ReadMemory at 0x258ab907710 of 132 bytes failed: Only part of a ReadProcessMemory or WriteProcessMemory request was completed. (0x12B)
[0725/075734.797:ERROR:process_memory_win.cc(73)] ReadMemory at 0x258ab907840 of 132 bytes failed: Only part of a ReadProcessMemory or WriteProcessMemory request was completed. (0x12B)
[0725/075734.797:ERROR:process_memory_win.cc(73)] ReadMemory at 0x258ab907970 of 132 bytes failed: Only part of a ReadProcessMemory or WriteProcessMemory request was completed. (0x12B)
[0725/075734.797:ERROR:process_memory_win.cc(73)] ReadMemory at 0x258ab907aa0 of 132 bytes failed: Only part of a ReadProcessMemory or WriteProcessMemory request was completed. (0x12B)
[0725/075734.798:ERROR:process_memory_win.cc(73)] ReadMemory at 0x258ab907bd0 of 132 bytes failed: Only part of a ReadProcessMemory or WriteProcessMemory request was completed. (0x12B)
[0725/075734.798:ERROR:process_memory_win.cc(73)] ReadMemory at 0x258ab907d00 of 132 bytes failed: Only part of a ReadProcessMemory or WriteProcessMemory request was completed. (0x12B)
[0725/075734.798:ERROR:process_memory_win.cc(73)] ReadMemory at 0x258ab907e30 of 132 bytes failed: Only part of a ReadProcessMemory or WriteProcessMemory request was completed. (0x12B)
[0725/075734.798:ERROR:process_memory_win.cc(73)] ReadMemory at 0x258ab907f60 of 132 bytes failed: Only part of a ReadProcessMemory or WriteProcessMemory request was completed. (0x12B)
[0725/075734.798:ERROR:process_memory_win.cc(73)] ReadMemory at 0x258ab908090 of 132 bytes failed: Only part of a ReadProcessMemory or WriteProcessMemory request was completed. (0x12B)
[0725/075734.798:ERROR:process_memory_win.cc(73)] ReadMemory at 0x258ab9081c0 of 132 bytes failed: Only part of a ReadProcessMemory or WriteProcessMemory request was completed. (0x12B)
[0725/075734.798:ERROR:process_memory_win.cc(73)] ReadMemory at 0x258ab9082f0 of 132 bytes failed: Only part of a ReadProcessMemory or WriteProcessMemory request was completed. (0x12B)
[0725/075734.798:ERROR:process_memory_win.cc(73)] ReadMemory at 0x258ab908420 of 132 bytes failed: Only part of a ReadProcessMemory or WriteProcessMemory request was completed. (0x12B)
[0725/075734.799:ERROR:process_memory_win.cc(73)] ReadMemory at 0x258ab908f60 of 132 bytes failed: Only part of a ReadProcessMemory or WriteProcessMemory request was completed. (0x12B)
[0725/075734.799:ERROR:process_memory_win.cc(73)] ReadMemory at 0x258ab909090 of 132 bytes failed: Only part of a ReadProcessMemory or WriteProcessMemory request was completed. (0x12B)
[0725/075734.799:ERROR:process_memory_win.cc(73)] ReadMemory at 0x258ab9091c0 of 132 bytes failed: Only part of a ReadProcessMemory or WriteProcessMemory request was completed. (0x12B)
[0725/075734.799:ERROR:process_memory_win.cc(73)] ReadMemory at 0x258ab9092f0 of 132 bytes failed: Only part of a ReadProcessMemory or WriteProcessMemory request was completed. (0x12B)
[0725/075734.799:ERROR:process_memory_win.cc(73)] ReadMemory at 0x258ab909550 of 132 bytes failed: Only part of a ReadProcessMemory or WriteProcessMemory request was completed. (0x12B)
[0725/075734.799:ERROR:process_memory_win.cc(73)] ReadMemory at 0x258ab909b40 of 132 bytes failed: Only part of a ReadProcessMemory or WriteProcessMemory request was completed. (0x12B)
[0725/075734.799:ERROR:process_memory_win.cc(73)] ReadMemory at 0x258ab90a000 of 132 bytes failed: Only part of a ReadProcessMemory or WriteProcessMemory request was completed. (0x12B)
[0725/075734.800:ERROR:process_memory_win.cc(73)] ReadMemory at 0x258ab90a5f0 of 132 bytes failed: Only part of a ReadProcessMemory or WriteProcessMemory request was completed. (0x12B)
[0725/075734.800:ERROR:process_memory_win.cc(73)] ReadMemory at 0x258ab90a850 of 132 bytes failed: Only part of a ReadProcessMemory or WriteProcessMemory request was completed. (0x12B)
[0725/075734.800:ERROR:process_memory_win.cc(73)] ReadMemory at 0x258ab90a980 of 132 bytes failed: Only part of a ReadProcessMemory or WriteProcessMemory request was completed. (0x12B)
[0725/075734.800:ERROR:process_memory_win.cc(73)] ReadMemory at 0x258ab90d070 of 76 bytes failed: Only part of a ReadProcessMemory or WriteProcessMemory request was completed. (0x12B)
[0725/075734.800:ERROR:process_memory_win.cc(73)] ReadMemory at 0x258ab90d2b0 of 80 bytes failed: Only part of a ReadProcessMemory or WriteProcessMemory request was completed. (0x12B)
[0725/075734.800:ERROR:process_memory_win.cc(73)] ReadMemory at 0x258ab96aab0 of 512 bytes failed: Only part of a ReadProcessMemory or WriteProcessMemory request was completed. (0x12B)
[0725/075734.801:ERROR:process_memory_win.cc(73)] ReadMemory at 0x258ab9759f0 of 512 bytes failed: Only part of a ReadProcessMemory or WriteProcessMemory request was completed. (0x12B)
[0725/075734.801:ERROR:process_memory_win.cc(73)] ReadMemory at 0x258ab981450 of 512 bytes failed: Only part of a ReadProcessMemory or WriteProcessMemory request was completed. (0x12B)
[0725/075734.801:ERROR:process_memory_win.cc(73)] ReadMemory at 0x258ab986fd0 of 512 bytes failed: Only part of a ReadProcessMemory or WriteProcessMemory request was completed. (0x12B)
[0725/075734.801:ERROR:process_memory_win.cc(73)] ReadMemory at 0x258ab998190 of 512 bytes failed: Only part of a ReadProcessMemory or WriteProcessMemory request was completed. (0x12B)
[0725/075734.801:ERROR:process_memory_win.cc(73)] ReadMemory at 0x258ab9a6530 of 512 bytes failed: Only part of a ReadProcessMemory or WriteProcessMemory request was completed. (0x12B)
[0725/075734.801:ERROR:process_memory_win.cc(73)] ReadMemory at 0x258ab9a9710 of 712 bytes failed: Only part of a ReadProcessMemory or WriteProcessMemory request was completed. (0x12B)
[0725/075734.802:ERROR:process_memory_win.cc(73)] ReadMemory at 0x258ab9ab8e0 of 512 bytes failed: Only part of a ReadProcessMemory or WriteProcessMemory request was completed. (0x12B)
[0725/075734.802:ERROR:process_memory_win.cc(73)] ReadMemory at 0x258ad150000 of 384 bytes failed: Only part of a ReadProcessMemory or WriteProcessMemory request was completed. (0x12B)
[0725/075734.802:ERROR:process_memory_win.cc(73)] ReadMemory at 0x258ad17ba80 of 512 bytes failed: Only part of a ReadProcessMemory or WriteProcessMemory request was completed. (0x12B)
[0725/075734.802:ERROR:process_memory_win.cc(73)] ReadMemory at 0x258ad24de30 of 512 bytes failed: Only part of a ReadProcessMemory or WriteProcessMemory request was completed. (0x12B)
[0725/075734.802:ERROR:process_memory_win.cc(73)] ReadMemory at 0x258ad32e788 of 512 bytes failed: Only part of a ReadProcessMemory or WriteProcessMemory request was completed. (0x12B)
[0725/075734.802:ERROR:process_memory_win.cc(73)] ReadMemory at 0x7ffd7fede6b8 of 512 bytes failed: Only part of a ReadProcessMemory or WriteProcessMemory request was completed. (0x12B)
[0725/075734.802:ERROR:process_memory_win.cc(73)] ReadMemory at 0x7ffdd8cfa719 of 512 bytes failed: Only part of a ReadProcessMemory or WriteProcessMemory request was completed. (0x12B)
[0725/075734.803:ERROR:process_memory_win.cc(73)] ReadMemory at 0x7ffdd8f2c6e0 of 512 bytes failed: Only part of a ReadProcessMemory or WriteProcessMemory request was completed. (0x12B)
[0725/075734.803:ERROR:process_memory_win.cc(73)] ReadMemory at 0x7ffddb05c074 of 672 bytes failed: Only part of a ReadProcessMemory or WriteProcessMemory request was completed. (0x12B)
[0725/075734.803:ERROR:process_memory_win.cc(73)] ReadMemory at 0x7ffddb05c674 of 512 bytes failed: Only part of a ReadProcessMemory or WriteProcessMemory request was completed. (0x12B)
[0725/075734.803:ERROR:process_memory_win.cc(73)] ReadMemory at 0x7ffddb05f924 of 608 bytes failed: Only part of a ReadProcessMemory or WriteProcessMemory request was completed. (0x12B)
[0725/075734.803:ERROR:process_memory_win.cc(73)] ReadMemory at 0x7ffddb0ec428 of 18 bytes failed: Only part of a ReadProcessMemory or WriteProcessMemory request was completed. (0x12B)
[0725/075734.803:ERROR:process_memory_win.cc(73)] ReadMemory at 0x7ffddb11f4f8 of 40 bytes failed: Only part of a ReadProcessMemory or WriteProcessMemory request was completed. (0x12B)
[0725/075734.803:ERROR:process_memory_win.cc(73)] ReadMemory at 0x7ffddb11f978 of 48 bytes failed: Only part of a ReadProcessMemory or WriteProcessMemory request was completed. (0x12B)
[0725/075734.804:ERROR:process_memory_win.cc(73)] ReadMemory at 0x7ffddb1253c0 of 64 bytes failed: Only part of a ReadProcessMemory or WriteProcessMemory request was completed. (0x12B)
[0725/075734.806:ERROR:scoped_process_suspend.cc(40)] NtResumeProcess: An attempt was made to access an exiting process. (0xc000010a)
